#-----------------------------------------------------------
# Vivado v2018.2 (64-bit)
# SW Build 2258646 on Thu Jun 14 20:03:12 MDT 2018
# IP Build 2256618 on Thu Jun 14 22:10:49 MDT 2018
# Start of session at: Mon Sep 11 14:40:57 2023
# Process ID: 15220
# Current directory: D:/Microblaze_xz_1.4/Microblaze_xz
# Command line: vivado.exe -gui_launcher_event rodinguilauncherevent12940 D:\Microblaze_xz_1.4\Microblaze_xz\Microblaze_xz.xpr
# Log file: D:/Microblaze_xz_1.4/Microblaze_xz/vivado.log
# Journal file: D:/Microblaze_xz_1.4/Microblaze_xz\vivado.jou
#-----------------------------------------------------------
start_gui
open_project D:/Microblaze_xz_1.4/Microblaze_xz/Microblaze_xz.xpr
INFO: [Project 1-313] Project file moved from 'C:/Users/86183/Desktop/Microblaze_xzjddy/Microblaze_xz_1.4/Microblaze_xz' since last save.
WARNING: [Project 1-312] File not found as 'D:/clk_wiz_0_1/clk_wiz_0.xci'; using path 'C:/Users/86183/Desktop/Microblaze_xzjddy/clk_wiz_0_1/clk_wiz_0.xci' instead.
WARNING: [Project 1-312] File not found as 'D:/ASYNC_EMIF_SLAVE_0/ASYNC_EMIF_SLAVE_0.xci'; using path 'C:/Users/86183/Desktop/Microblaze_xzjddy/ASYNC_EMIF_SLAVE_0/ASYNC_EMIF_SLAVE_0.xci' instead.
WARNING: [Project 1-312] File not found as 'D:/clk_wiz_1/clk_wiz_1.xci'; using path 'C:/Users/86183/Desktop/Microblaze_xzjddy/clk_wiz_1/clk_wiz_1.xci' instead.
Scanning sources...
Finished scanning sources
WARNING: [Project 1-312] File not found as 'D:/clk_wiz_0_1/clk_wiz_0.xci'; using path 'C:/Users/86183/Desktop/Microblaze_xzjddy/clk_wiz_0_1/clk_wiz_0.xci' instead.
WARNING: [Project 1-312] File not found as 'D:/clk_wiz_0_1/clk_wiz_0.xci'; using path 'C:/Users/86183/Desktop/Microblaze_xzjddy/clk_wiz_0_1/clk_wiz_0.xci' instead.
WARNING: [Project 1-312] File not found as 'D:/ASYNC_EMIF_SLAVE_0/ASYNC_EMIF_SLAVE_0.xci'; using path 'C:/Users/86183/Desktop/Microblaze_xzjddy/ASYNC_EMIF_SLAVE_0/ASYNC_EMIF_SLAVE_0.xci' instead.
WARNING: [Project 1-312] File not found as 'D:/ASYNC_EMIF_SLAVE_0/ASYNC_EMIF_SLAVE_0.xci'; using path 'C:/Users/86183/Desktop/Microblaze_xzjddy/ASYNC_EMIF_SLAVE_0/ASYNC_EMIF_SLAVE_0.xci' instead.
WARNING: [Project 1-312] File not found as 'D:/clk_wiz_1/clk_wiz_1.xci'; using path 'C:/Users/86183/Desktop/Microblaze_xzjddy/clk_wiz_1/clk_wiz_1.xci' instead.
WARNING: [Project 1-312] File not found as 'D:/clk_wiz_1/clk_wiz_1.xci'; using path 'C:/Users/86183/Desktop/Microblaze_xzjddy/clk_wiz_1/clk_wiz_1.xci' instead.
INFO: [IP_Flow 19-234] Refreshing IP repositories
INFO: [IP_Flow 19-1700] Loaded user IP repository 'd:/Microblaze_xz_1.4/Microblaze_xz/Microblaze_xz.ip_user_files'.
INFO: [IP_Flow 19-2313] Loaded Vivado IP repository 'C:/Xilinx/Vivado/2018.2/data/ip'.
open_project: Time (s): cpu = 00:00:14 ; elapsed = 00:00:10 . Memory (MB): peak = 929.496 ; gain = 212.352
update_compile_order -fileset sources_1
file mkdir D:/Microblaze_xz_1.4/Microblaze_xz/Microblaze_xz.sdk
file copy -force D:/Microblaze_xz_1.4/Microblaze_xz/Microblaze_xz.runs/impl_1/Microblaze_xz_wrapper.sysdef D:/Microblaze_xz_1.4/Microblaze_xz/Microblaze_xz.sdk/Microblaze_xz_wrapper.hdf

exit
INFO: [Common 17-206] Exiting Vivado at Mon Sep 11 14:42:22 2023...
