#-----------------------------------------------------------
# Vivado v2018.2 (64-bit)
# SW Build 2258646 on Thu Jun 14 20:03:12 MDT 2018
# IP Build 2256618 on Thu Jun 14 22:10:49 MDT 2018
# Start of session at: Wed Sep  6 14:23:07 2023
# Process ID: 1716
# Current directory: C:/Users/86183/Desktop/Microblaze_xzjddy/Microblaze_xz_1.4/Microblaze_xz
# Command line: vivado.exe -gui_launcher_event rodinguilauncherevent1292 C:\Users\86183\Desktop\Microblaze_xzjddy\Microblaze_xz_1.4\Microblaze_xz\Microblaze_xz.xpr
# Log file: C:/Users/86183/Desktop/Microblaze_xzjddy/Microblaze_xz_1.4/Microblaze_xz/vivado.log
# Journal file: C:/Users/86183/Desktop/Microblaze_xzjddy/Microblaze_xz_1.4/Microblaze_xz\vivado.jou
#-----------------------------------------------------------
start_gui
open_project C:/Users/86183/Desktop/Microblaze_xzjddy/Microblaze_xz_1.4/Microblaze_xz/Microblaze_xz.xpr
Scanning sources...
Finished scanning sources
INFO: [IP_Flow 19-234] Refreshing IP repositories
INFO: [IP_Flow 19-1700] Loaded user IP repository 'c:/Users/86183/Desktop/Microblaze_xzjddy/Microblaze_xz_1.4/Microblaze_xz/Microblaze_xz.ip_user_files'.
INFO: [IP_Flow 19-2313] Loaded Vivado IP repository 'C:/Xilinx/Vivado/2018.2/data/ip'.
open_project: Time (s): cpu = 00:00:13 ; elapsed = 00:00:08 . Memory (MB): peak = 932.344 ; gain = 216.500
update_compile_order -fileset sources_1
open_bd_design {C:/Users/86183/Desktop/Microblaze_xzjddy/Microblaze_xz_1.4/Microblaze_xz/Microblaze_xz.srcs/sources_1/bd/Microblaze_xz/Microblaze_xz.bd}
Adding cell -- xilinx.com:ip:microblaze:10.0 - microblaze_0
Adding cell -- CETC58:user:AXI4_ADI_SPI_15_8BIT:1.0 - Driver_9649
Adding cell -- CETC58:user:AXI4_ADI_SPI_15_8BIT:1.0 - Driver_9781
Adding cell -- xilinx.com:ip:axi_gpio:2.0 - axi_gpio_0
Adding cell -- xilinx.com:ip:axi_gpio:2.0 - axi_gpio_1
Adding cell -- xilinx.com:ip:mdm:3.2 - mdm_1
Adding cell -- xilinx.com:ip:proc_sys_reset:5.0 - rst_Clk_100M
WARNING: [BD 41-1731] Type mismatch between connected pins: /dcm_locked(rst) and /rst_Clk_100M/dcm_locked(undef)
Adding cell -- xilinx.com:ip:axi_crossbar:2.1 - xbar
Adding cell -- xilinx.com:ip:lmb_v10:3.0 - dlmb_v10
Adding cell -- xilinx.com:ip:lmb_v10:3.0 - ilmb_v10
Adding cell -- xilinx.com:ip:lmb_bram_if_cntlr:4.0 - dlmb_bram_if_cntlr
Adding cell -- xilinx.com:ip:lmb_bram_if_cntlr:4.0 - ilmb_bram_if_cntlr
Adding cell -- xilinx.com:ip:blk_mem_gen:8.4 - lmb_bram
Successfully read diagram <Microblaze_xz> from BD file <C:/Users/86183/Desktop/Microblaze_xzjddy/Microblaze_xz_1.4/Microblaze_xz/Microblaze_xz.srcs/sources_1/bd/Microblaze_xz/Microblaze_xz.bd>
exit
INFO: [Common 17-206] Exiting Vivado at Wed Sep  6 15:22:15 2023...
