Copyright 1986-2018 Xilinx, Inc. All Rights Reserved.
------------------------------------------------------------------------------------------------------------------------------------------------------
| Tool Version : Vivado v.2018.2 (win64) Build 2258646 Thu Jun 14 20:03:12 MDT 2018
| Date         : Mon Sep 11 10:55:20 2023
| Host         : LAPTOP-DG1UIM4L running 64-bit major release  (build 9200)
| Command      : report_drc -file Microblaze_xz_wrapper_drc_opted.rpt -pb Microblaze_xz_wrapper_drc_opted.pb -rpx Microblaze_xz_wrapper_drc_opted.rpx
| Design       : Microblaze_xz_wrapper
| Device       : xc7vx690tffg1927-3
| Speed File   : -3
| Design State : Synthesized
------------------------------------------------------------------------------------------------------------------------------------------------------

Report DRC

Table of Contents
-----------------
1. REPORT SUMMARY
2. REPORT DETAILS

1. REPORT SUMMARY
-----------------
            Netlist: netlist
          Floorplan: design_1
      Design limits: <entire design considered>
           Ruledeck: default
             Max violations: <unlimited>
             Violations found: 19
+----------+----------+-----------------------------------------------------+------------+
| Rule     | Severity | Description                                         | Violations |
+----------+----------+-----------------------------------------------------+------------+
| CFGBVS-1 | Warning  | Missing CFGBVS and CONFIG_VOLTAGE Design Properties | 1          |
| IOSR-1   | Warning  | IOB set reset sharing                               | 16         |
| RPBF-3   | Warning  | IO port buffering is incomplete                     | 2          |
+----------+----------+-----------------------------------------------------+------------+

2. REPORT DETAILS
-----------------
CFGBVS-1#1 Warning
Missing CFGBVS and CONFIG_VOLTAGE Design Properties  
Neither the CFGBVS nor CONFIG_VOLTAGE voltage property is set in the current_design.  Configuration bank voltage select (CFGBVS) must be set to VCCO or GND, and CONFIG_VOLTAGE must be set to the correct configuration voltage, in order to determine the I/O voltage support for the pins in bank 0.  It is suggested to specify these either using the 'Edit Device Properties' function in the GUI or directly in the XDC file using the following syntax:

 set_property CFGBVS value1 [current_design]
 #where value1 is either VCCO or GND

 set_property CONFIG_VOLTAGE value2 [current_design]
 #where value2 is the voltage provided to configuration bank 0

Refer to the device configuration user guide for more information.
Related violations: <none>

IOSR-1#1 Warning
IOB set reset sharing  
IO async_emif_data_p[0] connects to flops which have these U4/inst/async_emif_slave_U1/user_wr_en_i_2_n_0, U5/wr_reg0[15]_i_2_n_0 set/reset signals.  For optimal IOB flop packing there should be only one set/reset signal coming into the IOB.
Related violations: <none>

IOSR-1#2 Warning
IOB set reset sharing  
IO async_emif_data_p[10] connects to flops which have these U4/inst/async_emif_slave_U1/user_wr_en_i_2_n_0, U5/wr_reg0[15]_i_2_n_0 set/reset signals.  For optimal IOB flop packing there should be only one set/reset signal coming into the IOB.
Related violations: <none>

IOSR-1#3 Warning
IOB set reset sharing  
IO async_emif_data_p[11] connects to flops which have these U4/inst/async_emif_slave_U1/user_wr_en_i_2_n_0, U5/wr_reg0[15]_i_2_n_0 set/reset signals.  For optimal IOB flop packing there should be only one set/reset signal coming into the IOB.
Related violations: <none>

IOSR-1#4 Warning
IOB set reset sharing  
IO async_emif_data_p[12] connects to flops which have these U4/inst/async_emif_slave_U1/user_wr_en_i_2_n_0, U5/wr_reg0[15]_i_2_n_0 set/reset signals.  For optimal IOB flop packing there should be only one set/reset signal coming into the IOB.
Related violations: <none>

IOSR-1#5 Warning
IOB set reset sharing  
IO async_emif_data_p[13] connects to flops which have these U4/inst/async_emif_slave_U1/user_wr_en_i_2_n_0, U5/wr_reg0[15]_i_2_n_0 set/reset signals.  For optimal IOB flop packing there should be only one set/reset signal coming into the IOB.
Related violations: <none>

IOSR-1#6 Warning
IOB set reset sharing  
IO async_emif_data_p[14] connects to flops which have these U4/inst/async_emif_slave_U1/user_wr_en_i_2_n_0, U5/wr_reg0[15]_i_2_n_0 set/reset signals.  For optimal IOB flop packing there should be only one set/reset signal coming into the IOB.
Related violations: <none>

IOSR-1#7 Warning
IOB set reset sharing  
IO async_emif_data_p[15] connects to flops which have these U4/inst/async_emif_slave_U1/user_wr_en_i_2_n_0, U5/wr_reg0[15]_i_2_n_0 set/reset signals.  For optimal IOB flop packing there should be only one set/reset signal coming into the IOB.
Related violations: <none>

IOSR-1#8 Warning
IOB set reset sharing  
IO async_emif_data_p[1] connects to flops which have these U4/inst/async_emif_slave_U1/user_wr_en_i_2_n_0, U5/wr_reg0[15]_i_2_n_0 set/reset signals.  For optimal IOB flop packing there should be only one set/reset signal coming into the IOB.
Related violations: <none>

IOSR-1#9 Warning
IOB set reset sharing  
IO async_emif_data_p[2] connects to flops which have these U4/inst/async_emif_slave_U1/user_wr_en_i_2_n_0, U5/wr_reg0[15]_i_2_n_0 set/reset signals.  For optimal IOB flop packing there should be only one set/reset signal coming into the IOB.
Related violations: <none>

IOSR-1#10 Warning
IOB set reset sharing  
IO async_emif_data_p[3] connects to flops which have these U4/inst/async_emif_slave_U1/user_wr_en_i_2_n_0, U5/wr_reg0[15]_i_2_n_0 set/reset signals.  For optimal IOB flop packing there should be only one set/reset signal coming into the IOB.
Related violations: <none>

IOSR-1#11 Warning
IOB set reset sharing  
IO async_emif_data_p[4] connects to flops which have these U4/inst/async_emif_slave_U1/user_wr_en_i_2_n_0, U5/wr_reg0[15]_i_2_n_0 set/reset signals.  For optimal IOB flop packing there should be only one set/reset signal coming into the IOB.
Related violations: <none>

IOSR-1#12 Warning
IOB set reset sharing  
IO async_emif_data_p[5] connects to flops which have these U4/inst/async_emif_slave_U1/user_wr_en_i_2_n_0, U5/wr_reg0[15]_i_2_n_0 set/reset signals.  For optimal IOB flop packing there should be only one set/reset signal coming into the IOB.
Related violations: <none>

IOSR-1#13 Warning
IOB set reset sharing  
IO async_emif_data_p[6] connects to flops which have these U4/inst/async_emif_slave_U1/user_wr_en_i_2_n_0, U5/wr_reg0[15]_i_2_n_0 set/reset signals.  For optimal IOB flop packing there should be only one set/reset signal coming into the IOB.
Related violations: <none>

IOSR-1#14 Warning
IOB set reset sharing  
IO async_emif_data_p[7] connects to flops which have these U4/inst/async_emif_slave_U1/user_wr_en_i_2_n_0, U5/wr_reg0[15]_i_2_n_0 set/reset signals.  For optimal IOB flop packing there should be only one set/reset signal coming into the IOB.
Related violations: <none>

IOSR-1#15 Warning
IOB set reset sharing  
IO async_emif_data_p[8] connects to flops which have these U4/inst/async_emif_slave_U1/user_wr_en_i_2_n_0, U5/wr_reg0[15]_i_2_n_0 set/reset signals.  For optimal IOB flop packing there should be only one set/reset signal coming into the IOB.
Related violations: <none>

IOSR-1#16 Warning
IOB set reset sharing  
IO async_emif_data_p[9] connects to flops which have these U4/inst/async_emif_slave_U1/user_wr_en_i_2_n_0, U5/wr_reg0[15]_i_2_n_0 set/reset signals.  For optimal IOB flop packing there should be only one set/reset signal coming into the IOB.
Related violations: <none>

RPBF-3#1 Warning
IO port buffering is incomplete  
Device port sdio_0 expects both input and output buffering but the buffers are incomplete.
Related violations: <none>

RPBF-3#2 Warning
IO port buffering is incomplete  
Device port sdio_1 expects both input and output buffering but the buffers are incomplete.
Related violations: <none>


