#-----------------------------------------------------------
# Vivado v2018.2 (64-bit)
# SW Build 2258646 on Thu Jun 14 20:03:12 MDT 2018
# IP Build 2256618 on Thu Jun 14 22:10:49 MDT 2018
# Start of session at: Mon Aug 28 15:20:31 2023
# Process ID: 7392
# Current directory: C:/Users/86183/Desktop/Microblaze_xzjddy/Microblaze_xz_1.2
# Command line: vivado.exe -gui_launcher_event rodinguilauncherevent16268 C:\Users\86183\Desktop\Microblaze_xzjddy\Microblaze_xz_1.2\Microblaze_xz.xpr
# Log file: C:/Users/86183/Desktop/Microblaze_xzjddy/Microblaze_xz_1.2/vivado.log
# Journal file: C:/Users/86183/Desktop/Microblaze_xzjddy/Microblaze_xz_1.2\vivado.jou
#-----------------------------------------------------------
start_gui
open_project C:/Users/86183/Desktop/Microblaze_xzjddy/Microblaze_xz_1.2/Microblaze_xz.xpr
Scanning sources...
Finished scanning sources
INFO: [IP_Flow 19-234] Refreshing IP repositories
INFO: [IP_Flow 19-1700] Loaded user IP repository 'c:/Users/86183/Desktop/Microblaze_xzjddy/Microblaze_xz_1.2/Microblaze_xz.ip_user_files/ip'.
INFO: [IP_Flow 19-2313] Loaded Vivado IP repository 'C:/Xilinx/Vivado/2018.2/data/ip'.
open_project: Time (s): cpu = 00:00:11 ; elapsed = 00:00:07 . Memory (MB): peak = 892.473 ; gain = 163.934
update_compile_order -fileset sources_1
exit
INFO: [Common 17-206] Exiting Vivado at Mon Aug 28 15:21:04 2023...
