
*** Running vivado
    with args -log top_xz_wrapper.vdi -applog -m64 -product Vivado -messageDb vivado.pb -mode batch -source top_xz_wrapper.tcl -notrace


****** Vivado v2018.2 (64-bit)
  **** SW Build 2258646 on Thu Jun 14 20:03:12 MDT 2018
  **** IP Build 2256618 on Thu Jun 14 22:10:49 MDT 2018
    ** Copyright 1986-2018 Xilinx, Inc. All Rights Reserved.

source top_xz_wrapper.tcl -notrace
INFO: [IP_Flow 19-234] Refreshing IP repositories
INFO: [IP_Flow 19-1700] Loaded user IP repository 'c:/Users/86183/Desktop/Microblaze_xzjddy/Microblaze_xz_1.3/Microblaze_xz.ip_user_files/ip'.
INFO: [IP_Flow 19-2313] Loaded Vivado IP repository 'C:/Xilinx/Vivado/2018.2/data/ip'.
Command: link_design -top top_xz_wrapper -part xc7vx690tffg1927-3
Design is defaulting to srcset: sources_1
Design is defaulting to constrset: constrs_1
INFO: [Netlist 29-17] Analyzing 275 Unisim elements for replacement
INFO: [Netlist 29-28] Unisim Transformation completed in 0 CPU seconds
INFO: [Project 1-479] Netlist was created with Vivado 2018.2
INFO: [Device 21-403] Loading part xc7vx690tffg1927-3
INFO: [Project 1-570] Preparing netlist for logic optimization
Parsing XDC File [c:/Users/86183/Desktop/Microblaze_xzjddy/Microblaze_xz_1.3/Microblaze_xz.srcs/sources_1/bd/top_xz/ip/top_xz_microblaze_0_0/top_xz_microblaze_0_0.xdc] for cell 'top_xz_i/microblaze_0/U0'
Finished Parsing XDC File [c:/Users/86183/Desktop/Microblaze_xzjddy/Microblaze_xz_1.3/Microblaze_xz.srcs/sources_1/bd/top_xz/ip/top_xz_microblaze_0_0/top_xz_microblaze_0_0.xdc] for cell 'top_xz_i/microblaze_0/U0'
Parsing XDC File [c:/Users/86183/Desktop/Microblaze_xzjddy/Microblaze_xz_1.3/Microblaze_xz.srcs/sources_1/bd/top_xz/ip/top_xz_mdm_1_0/top_xz_mdm_1_0.xdc] for cell 'top_xz_i/mdm_1/U0'
INFO: [Timing 38-35] Done setting XDC timing constraints. [c:/Users/86183/Desktop/Microblaze_xzjddy/Microblaze_xz_1.3/Microblaze_xz.srcs/sources_1/bd/top_xz/ip/top_xz_mdm_1_0/top_xz_mdm_1_0.xdc:50]
get_clocks: Time (s): cpu = 00:00:11 ; elapsed = 00:00:12 . Memory (MB): peak = 1744.426 ; gain = 793.102
Finished Parsing XDC File [c:/Users/86183/Desktop/Microblaze_xzjddy/Microblaze_xz_1.3/Microblaze_xz.srcs/sources_1/bd/top_xz/ip/top_xz_mdm_1_0/top_xz_mdm_1_0.xdc] for cell 'top_xz_i/mdm_1/U0'
Parsing XDC File [c:/Users/86183/Desktop/Microblaze_xzjddy/Microblaze_xz_1.3/Microblaze_xz.srcs/sources_1/bd/top_xz/ip/top_xz_rst_clk_wiz_1_100M_0/top_xz_rst_clk_wiz_1_100M_0_board.xdc] for cell 'top_xz_i/rst_clk_wiz_1_100M/U0'
Finished Parsing XDC File [c:/Users/86183/Desktop/Microblaze_xzjddy/Microblaze_xz_1.3/Microblaze_xz.srcs/sources_1/bd/top_xz/ip/top_xz_rst_clk_wiz_1_100M_0/top_xz_rst_clk_wiz_1_100M_0_board.xdc] for cell 'top_xz_i/rst_clk_wiz_1_100M/U0'
Parsing XDC File [c:/Users/86183/Desktop/Microblaze_xzjddy/Microblaze_xz_1.3/Microblaze_xz.srcs/sources_1/bd/top_xz/ip/top_xz_rst_clk_wiz_1_100M_0/top_xz_rst_clk_wiz_1_100M_0.xdc] for cell 'top_xz_i/rst_clk_wiz_1_100M/U0'
Finished Parsing XDC File [c:/Users/86183/Desktop/Microblaze_xzjddy/Microblaze_xz_1.3/Microblaze_xz.srcs/sources_1/bd/top_xz/ip/top_xz_rst_clk_wiz_1_100M_0/top_xz_rst_clk_wiz_1_100M_0.xdc] for cell 'top_xz_i/rst_clk_wiz_1_100M/U0'
Parsing XDC File [c:/Users/86183/Desktop/Microblaze_xzjddy/Microblaze_xz_1.3/Microblaze_xz.srcs/sources_1/bd/top_xz/ip/top_xz_dlmb_v10_0/top_xz_dlmb_v10_0.xdc] for cell 'top_xz_i/microblaze_0_local_memory/dlmb_v10/U0'
Finished Parsing XDC File [c:/Users/86183/Desktop/Microblaze_xzjddy/Microblaze_xz_1.3/Microblaze_xz.srcs/sources_1/bd/top_xz/ip/top_xz_dlmb_v10_0/top_xz_dlmb_v10_0.xdc] for cell 'top_xz_i/microblaze_0_local_memory/dlmb_v10/U0'
Parsing XDC File [c:/Users/86183/Desktop/Microblaze_xzjddy/Microblaze_xz_1.3/Microblaze_xz.srcs/sources_1/bd/top_xz/ip/top_xz_ilmb_v10_0/top_xz_ilmb_v10_0.xdc] for cell 'top_xz_i/microblaze_0_local_memory/ilmb_v10/U0'
Finished Parsing XDC File [c:/Users/86183/Desktop/Microblaze_xzjddy/Microblaze_xz_1.3/Microblaze_xz.srcs/sources_1/bd/top_xz/ip/top_xz_ilmb_v10_0/top_xz_ilmb_v10_0.xdc] for cell 'top_xz_i/microblaze_0_local_memory/ilmb_v10/U0'
Parsing XDC File [c:/Users/86183/Desktop/Microblaze_xzjddy/Microblaze_xz_1.3/Microblaze_xz.srcs/sources_1/bd/top_xz/ip/top_xz_axi_gpio_0_0/top_xz_axi_gpio_0_0_board.xdc] for cell 'top_xz_i/axi_gpio_0/U0'
Finished Parsing XDC File [c:/Users/86183/Desktop/Microblaze_xzjddy/Microblaze_xz_1.3/Microblaze_xz.srcs/sources_1/bd/top_xz/ip/top_xz_axi_gpio_0_0/top_xz_axi_gpio_0_0_board.xdc] for cell 'top_xz_i/axi_gpio_0/U0'
Parsing XDC File [c:/Users/86183/Desktop/Microblaze_xzjddy/Microblaze_xz_1.3/Microblaze_xz.srcs/sources_1/bd/top_xz/ip/top_xz_axi_gpio_0_0/top_xz_axi_gpio_0_0.xdc] for cell 'top_xz_i/axi_gpio_0/U0'
Finished Parsing XDC File [c:/Users/86183/Desktop/Microblaze_xzjddy/Microblaze_xz_1.3/Microblaze_xz.srcs/sources_1/bd/top_xz/ip/top_xz_axi_gpio_0_0/top_xz_axi_gpio_0_0.xdc] for cell 'top_xz_i/axi_gpio_0/U0'
Parsing XDC File [c:/Users/86183/Desktop/Microblaze_xzjddy/Microblaze_xz_1.3/Microblaze_xz.srcs/sources_1/ip/clk_wiz_0/clk_wiz_0_board.xdc] for cell 'U1/inst'
Finished Parsing XDC File [c:/Users/86183/Desktop/Microblaze_xzjddy/Microblaze_xz_1.3/Microblaze_xz.srcs/sources_1/ip/clk_wiz_0/clk_wiz_0_board.xdc] for cell 'U1/inst'
Parsing XDC File [c:/Users/86183/Desktop/Microblaze_xzjddy/Microblaze_xz_1.3/Microblaze_xz.srcs/sources_1/ip/clk_wiz_0/clk_wiz_0.xdc] for cell 'U1/inst'
INFO: [Timing 38-2] Deriving generated clocks [c:/Users/86183/Desktop/Microblaze_xzjddy/Microblaze_xz_1.3/Microblaze_xz.srcs/sources_1/ip/clk_wiz_0/clk_wiz_0.xdc:57]
Finished Parsing XDC File [c:/Users/86183/Desktop/Microblaze_xzjddy/Microblaze_xz_1.3/Microblaze_xz.srcs/sources_1/ip/clk_wiz_0/clk_wiz_0.xdc] for cell 'U1/inst'
Parsing XDC File [C:/Users/86183/Desktop/Microblaze_xzjddy/Microblaze_xz_1.3/Microblaze_xz.srcs/constrs_1/new/top.xdc]
Finished Parsing XDC File [C:/Users/86183/Desktop/Microblaze_xzjddy/Microblaze_xz_1.3/Microblaze_xz.srcs/constrs_1/new/top.xdc]
INFO: [Opt 31-138] Pushed 0 inverter(s) to 0 load pin(s).
Generating merged BMM file for the design top 'top_xz_wrapper'...
INFO: [Memdata 28-144] Successfully populated the BRAM INIT strings from the following elf files: c:/Users/86183/Desktop/Microblaze_xzjddy/Microblaze_xz_1.3/Microblaze_xz.srcs/sources_1/bd/top_xz/ip/top_xz_microblaze_0_0/data/mb_bootloop_le.elf 
INFO: [Project 1-111] Unisim Transformation Summary:
  A total of 98 instances were transformed.
  IOBUF => IOBUF (IBUF, OBUFT): 2 instances
  LUT6_2 => LUT6_2 (LUT5, LUT6): 80 instances
  RAM32M => RAM32M (RAMD32, RAMD32, RAMD32, RAMD32, RAMD32, RAMD32, RAMS32, RAMS32): 16 instances

13 Infos, 0 Warnings, 0 Critical Warnings and 0 Errors encountered.
link_design completed successfully
link_design: Time (s): cpu = 00:00:25 ; elapsed = 00:00:33 . Memory (MB): peak = 1744.797 ; gain = 1378.422
zip_exception: Failed to open zip archive C:/Users/86183/Desktop/Microblaze_xzjddy/Microblaze_xz_1.3/Microblaze_xz.runs/impl_1/top_xz_wrapper.hwdef. This may indicate that the file is corrupt, that there is insufficient free disk space available to uncompress it, or that you do not have permission to create fileszip_exception: zip archive C:/Users/86183/Desktop/Microblaze_xzjddy/Microblaze_xz_1.3/Microblaze_xz.runs/impl_1/top_xz_wrapper.hwdef is already open for writingzip_exception: zip archive C:/Users/86183/Desktop/Microblaze_xzjddy/Microblaze_xz_1.3/Microblaze_xz.runs/impl_1/top_xz_wrapper.hwdef is already open for writingzip_exception: zip archive C:/Users/86183/Desktop/Microblaze_xzjddy/Microblaze_xz_1.3/Microblaze_xz.runs/impl_1/top_xz_wrapper.hwdef is already open for writingzip_exception: zip archive C:/Users/86183/Desktop/Microblaze_xzjddy/Microblaze_xz_1.3/Microblaze_xz.runs/impl_1/top_xz_wrapper.hwdef is already open for writingzip_exception: zip archive C:/Users/86183/Desktop/Microblaze_xzjddy/Microblaze_xz_1.3/Microblaze_xz.runs/impl_1/top_xz_wrapper.hwdef is already open for writingCommand: opt_design
Attempting to get a license for feature 'Implementation' and/or device 'xc7vx690t'
INFO: [Common 17-349] Got license for feature 'Implementation' and/or device 'xc7vx690t'
Running DRC as a precondition to command opt_design

Starting DRC Task
INFO: [DRC 23-27] Running DRC with 2 threads
INFO: [Project 1-461] DRC finished with 0 Errors
INFO: [Project 1-462] Please refer to the DRC report (report_drc) for more information.

Time (s): cpu = 00:00:01 ; elapsed = 00:00:00.639 . Memory (MB): peak = 1744.797 ; gain = 0.000

Starting Cache Timing Information Task
INFO: [Timing 38-35] Done setting XDC timing constraints.
Ending Cache Timing Information Task | Checksum: 238435677

Time (s): cpu = 00:00:01 ; elapsed = 00:00:00.217 . Memory (MB): peak = 1753.305 ; gain = 8.508

Starting Logic Optimization Task

Phase 1 Retarget
INFO: [Opt 31-138] Pushed 1 inverter(s) to 1 load pin(s).
INFO: [Opt 31-49] Retargeted 0 cell(s).
Phase 1 Retarget | Checksum: 19ddf5375

Time (s): cpu = 00:00:00 ; elapsed = 00:00:00.412 . Memory (MB): peak = 1753.305 ; gain = 0.000
INFO: [Opt 31-389] Phase Retarget created 0 cells and removed 0 cells

Phase 2 Constant propagation
INFO: [Opt 31-138] Pushed 0 inverter(s) to 0 load pin(s).
Phase 2 Constant propagation | Checksum: 188911d79

Time (s): cpu = 00:00:00 ; elapsed = 00:00:00.527 . Memory (MB): peak = 1753.305 ; gain = 0.000
INFO: [Opt 31-389] Phase Constant propagation created 10 cells and removed 54 cells

Phase 3 Sweep
Phase 3 Sweep | Checksum: 1d08c3962

Time (s): cpu = 00:00:01 ; elapsed = 00:00:00.980 . Memory (MB): peak = 1753.305 ; gain = 0.000
INFO: [Opt 31-389] Phase Sweep created 0 cells and removed 606 cells

Phase 4 BUFG optimization
Phase 4 BUFG optimization | Checksum: 1d08c3962

Time (s): cpu = 00:00:01 ; elapsed = 00:00:01 . Memory (MB): peak = 1753.305 ; gain = 0.000
INFO: [Opt 31-662] Phase BUFG optimization created 0 cells of which 0 are BUFGs and removed 0 cells.

Phase 5 Shift Register Optimization
Phase 5 Shift Register Optimization | Checksum: 1fc5c321b

Time (s): cpu = 00:00:01 ; elapsed = 00:00:01 . Memory (MB): peak = 1753.305 ; gain = 0.000
INFO: [Opt 31-389] Phase Shift Register Optimization created 0 cells and removed 0 cells

Phase 6 Post Processing Netlist
Phase 6 Post Processing Netlist | Checksum: 1fc5c321b

Time (s): cpu = 00:00:01 ; elapsed = 00:00:01 . Memory (MB): peak = 1753.305 ; gain = 0.000
INFO: [Opt 31-389] Phase Post Processing Netlist created 0 cells and removed 0 cells

Starting Connectivity Check Task

Time (s): cpu = 00:00:00 ; elapsed = 00:00:00.009 . Memory (MB): peak = 1753.305 ; gain = 0.000
Ending Logic Optimization Task | Checksum: 1fc5c321b

Time (s): cpu = 00:00:01 ; elapsed = 00:00:01 . Memory (MB): peak = 1753.305 ; gain = 0.000

Starting Power Optimization Task
INFO: [Pwropt 34-132] Skipping clock gating for clocks with a period < 2.00 ns.
INFO: [Timing 38-35] Done setting XDC timing constraints.
INFO: [Pwropt 34-9] Applying IDT optimizations ...
INFO: [Pwropt 34-10] Applying ODC optimizations ...
INFO: [Physopt 32-619] Estimated Timing Summary | WNS=6.513 | TNS=0.000 |
Running Vector-less Activity Propagation...

Finished Running Vector-less Activity Propagation


Starting PowerOpt Patch Enables Task
INFO: [Pwropt 34-162] WRITE_MODE attribute of 0 BRAM(s) out of a total of 16 has been updated to save power. Run report_power_opt to get a complete listing of the BRAMs updated.
INFO: [Pwropt 34-201] Structural ODC has moved 0 WE to EN ports
Number of BRAM Ports augmented: 16 newly gated: 0 Total Ports: 32
Ending PowerOpt Patch Enables Task | Checksum: 29343c6db

Time (s): cpu = 00:00:00 ; elapsed = 00:00:00.117 . Memory (MB): peak = 1955.395 ; gain = 0.000
Ending Power Optimization Task | Checksum: 29343c6db

Time (s): cpu = 00:00:11 ; elapsed = 00:00:09 . Memory (MB): peak = 1955.395 ; gain = 202.090

Starting Final Cleanup Task

Starting Logic Optimization Task
INFO: [Timing 38-35] Done setting XDC timing constraints.
Ending Logic Optimization Task | Checksum: 269398224

Time (s): cpu = 00:00:01 ; elapsed = 00:00:00.495 . Memory (MB): peak = 1955.395 ; gain = 0.000
Ending Final Cleanup Task | Checksum: 269398224

Time (s): cpu = 00:00:01 ; elapsed = 00:00:00.527 . Memory (MB): peak = 1955.395 ; gain = 0.000
INFO: [Common 17-83] Releasing license: Implementation
36 Infos, 0 Warnings, 0 Critical Warnings and 0 Errors encountered.
opt_design completed successfully
opt_design: Time (s): cpu = 00:00:15 ; elapsed = 00:00:12 . Memory (MB): peak = 1955.395 ; gain = 210.598
INFO: [Timing 38-480] Writing timing data to binary archive.
Writing placer database...
Writing XDEF routing.
Writing XDEF routing logical nets.
Writing XDEF routing special nets.
Write XDEF Complete: Time (s): cpu = 00:00:00 ; elapsed = 00:00:00.064 . Memory (MB): peak = 1955.395 ; gain = 0.000
INFO: [Common 17-1381] The checkpoint 'C:/Users/86183/Desktop/Microblaze_xzjddy/Microblaze_xz_1.3/Microblaze_xz.runs/impl_1/top_xz_wrapper_opt.dcp' has been generated.
INFO: [runtcl-4] Executing : report_drc -file top_xz_wrapper_drc_opted.rpt -pb top_xz_wrapper_drc_opted.pb -rpx top_xz_wrapper_drc_opted.rpx
Command: report_drc -file top_xz_wrapper_drc_opted.rpt -pb top_xz_wrapper_drc_opted.pb -rpx top_xz_wrapper_drc_opted.rpx
INFO: [DRC 23-27] Running DRC with 2 threads
INFO: [Coretcl 2-168] The results of DRC are in file C:/Users/86183/Desktop/Microblaze_xzjddy/Microblaze_xz_1.3/Microblaze_xz.runs/impl_1/top_xz_wrapper_drc_opted.rpt.
report_drc completed successfully
Command: place_design
Attempting to get a license for feature 'Implementation' and/or device 'xc7vx690t'
INFO: [Common 17-349] Got license for feature 'Implementation' and/or device 'xc7vx690t'
INFO: [DRC 23-27] Running DRC with 2 threads
INFO: [Vivado_Tcl 4-198] DRC finished with 0 Errors
INFO: [Vivado_Tcl 4-199] Please refer to the DRC report (report_drc) for more information.
Running DRC as a precondition to command place_design
INFO: [DRC 23-27] Running DRC with 2 threads
INFO: [Vivado_Tcl 4-198] DRC finished with 0 Errors
INFO: [Vivado_Tcl 4-199] Please refer to the DRC report (report_drc) for more information.

Starting Placer Task
INFO: [Place 30-611] Multithreading enabled for place_design using a maximum of 2 CPUs

Phase 1 Placer Initialization

Phase 1.1 Placer Initialization Netlist Sorting
Netlist sorting complete. Time (s): cpu = 00:00:00 ; elapsed = 00:00:00.016 . Memory (MB): peak = 1955.395 ; gain = 0.000
Phase 1.1 Placer Initialization Netlist Sorting | Checksum: 16e139d8b

Time (s): cpu = 00:00:00 ; elapsed = 00:00:00.024 . Memory (MB): peak = 1955.395 ; gain = 0.000
INFO: [Timing 38-35] Done setting XDC timing constraints.
INFO: [Opt 31-138] Pushed 0 inverter(s) to 0 load pin(s).
Netlist sorting complete. Time (s): cpu = 00:00:00 ; elapsed = 00:00:00.018 . Memory (MB): peak = 1955.395 ; gain = 0.000

Phase 1.2 IO Placement/ Clock Placement/ Build Placer Device
INFO: [Timing 38-35] Done setting XDC timing constraints.
Phase 1.2 IO Placement/ Clock Placement/ Build Placer Device | Checksum: 11d0c6d2a

Time (s): cpu = 00:00:04 ; elapsed = 00:00:04 . Memory (MB): peak = 1955.395 ; gain = 0.000

Phase 1.3 Build Placer Netlist Model
Phase 1.3 Build Placer Netlist Model | Checksum: 1ebc25d92

Time (s): cpu = 00:00:06 ; elapsed = 00:00:05 . Memory (MB): peak = 1955.395 ; gain = 0.000

Phase 1.4 Constrain Clocks/Macros
Phase 1.4 Constrain Clocks/Macros | Checksum: 1ebc25d92

Time (s): cpu = 00:00:06 ; elapsed = 00:00:05 . Memory (MB): peak = 1955.395 ; gain = 0.000
Phase 1 Placer Initialization | Checksum: 1ebc25d92

Time (s): cpu = 00:00:06 ; elapsed = 00:00:05 . Memory (MB): peak = 1955.395 ; gain = 0.000

Phase 2 Global Placement

Phase 2.1 Floorplanning
Phase 2.1 Floorplanning | Checksum: 15bc59326

Time (s): cpu = 00:00:07 ; elapsed = 00:00:06 . Memory (MB): peak = 1955.395 ; gain = 0.000

Phase 2.2 Physical Synthesis In Placer
INFO: [Physopt 32-65] No nets found for high-fanout optimization.
INFO: [Physopt 32-232] Optimized 0 net. Created 0 new instance.
INFO: [Physopt 32-775] End 1 Pass. Optimized 0 net or cell. Created 0 new cell, deleted 0 existing cell and moved 0 existing cell
Netlist sorting complete. Time (s): cpu = 00:00:00 ; elapsed = 00:00:00.015 . Memory (MB): peak = 1955.395 ; gain = 0.000

Summary of Physical Synthesis Optimizations
============================================


-----------------------------------------------------------------------------------------------------------------------------
|  Optimization       |  Added Cells  |  Removed Cells  |  Optimized Cells/Nets  |  Dont Touch  |  Iterations  |  Elapsed   |
-----------------------------------------------------------------------------------------------------------------------------
|  Very High Fanout   |            0  |              0  |                     0  |           0  |           1  |  00:00:00  |
|  Total              |            0  |              0  |                     0  |           0  |           1  |  00:00:00  |
-----------------------------------------------------------------------------------------------------------------------------


Phase 2.2 Physical Synthesis In Placer | Checksum: 13847c178

Time (s): cpu = 00:00:15 ; elapsed = 00:00:11 . Memory (MB): peak = 1955.395 ; gain = 0.000
Phase 2 Global Placement | Checksum: 13b899e2a

Time (s): cpu = 00:00:15 ; elapsed = 00:00:11 . Memory (MB): peak = 1955.395 ; gain = 0.000

Phase 3 Detail Placement

Phase 3.1 Commit Multi Column Macros
Phase 3.1 Commit Multi Column Macros | Checksum: 13b899e2a

Time (s): cpu = 00:00:15 ; elapsed = 00:00:11 . Memory (MB): peak = 1955.395 ; gain = 0.000

Phase 3.2 Commit Most Macros & LUTRAMs
Phase 3.2 Commit Most Macros & LUTRAMs | Checksum: fb184075

Time (s): cpu = 00:00:16 ; elapsed = 00:00:12 . Memory (MB): peak = 1955.395 ; gain = 0.000

Phase 3.3 Area Swap Optimization
Phase 3.3 Area Swap Optimization | Checksum: 1b8793f40

Time (s): cpu = 00:00:17 ; elapsed = 00:00:12 . Memory (MB): peak = 1955.395 ; gain = 0.000

Phase 3.4 Pipeline Register Optimization
Phase 3.4 Pipeline Register Optimization | Checksum: 108c487f5

Time (s): cpu = 00:00:17 ; elapsed = 00:00:12 . Memory (MB): peak = 1955.395 ; gain = 0.000

Phase 3.5 Small Shape Detail Placement
Phase 3.5 Small Shape Detail Placement | Checksum: 19b8f3286

Time (s): cpu = 00:00:18 ; elapsed = 00:00:14 . Memory (MB): peak = 1955.395 ; gain = 0.000

Phase 3.6 Re-assign LUT pins
Phase 3.6 Re-assign LUT pins | Checksum: 1f59408a5

Time (s): cpu = 00:00:19 ; elapsed = 00:00:14 . Memory (MB): peak = 1955.395 ; gain = 0.000

Phase 3.7 Pipeline Register Optimization
Phase 3.7 Pipeline Register Optimization | Checksum: 1f59408a5

Time (s): cpu = 00:00:19 ; elapsed = 00:00:14 . Memory (MB): peak = 1955.395 ; gain = 0.000
Phase 3 Detail Placement | Checksum: 1f59408a5

Time (s): cpu = 00:00:19 ; elapsed = 00:00:14 . Memory (MB): peak = 1955.395 ; gain = 0.000

Phase 4 Post Placement Optimization and Clean-Up

Phase 4.1 Post Commit Optimization
INFO: [Timing 38-35] Done setting XDC timing constraints.

Phase 4.1.1 Post Placement Optimization
Post Placement Optimization Initialization | Checksum: 177f17747

Phase 4.1.1.1 BUFG Insertion
INFO: [Place 46-31] BUFG insertion identified 0 candidate nets, 0 success, 0 skipped for placement/routing, 0 skipped for timing, 0 skipped for netlist change reason.
Phase 4.1.1.1 BUFG Insertion | Checksum: 177f17747

Time (s): cpu = 00:00:20 ; elapsed = 00:00:15 . Memory (MB): peak = 1955.395 ; gain = 0.000
INFO: [Place 30-746] Post Placement Timing Summary WNS=5.838. For the most accurate timing information please run report_timing.
Phase 4.1.1 Post Placement Optimization | Checksum: 20b704b0b

Time (s): cpu = 00:00:20 ; elapsed = 00:00:15 . Memory (MB): peak = 1955.395 ; gain = 0.000
Phase 4.1 Post Commit Optimization | Checksum: 20b704b0b

Time (s): cpu = 00:00:20 ; elapsed = 00:00:15 . Memory (MB): peak = 1955.395 ; gain = 0.000

Phase 4.2 Post Placement Cleanup
Phase 4.2 Post Placement Cleanup | Checksum: 20b704b0b

Time (s): cpu = 00:00:20 ; elapsed = 00:00:15 . Memory (MB): peak = 1955.395 ; gain = 0.000

Phase 4.3 Placer Reporting
Phase 4.3 Placer Reporting | Checksum: 20b704b0b

Time (s): cpu = 00:00:20 ; elapsed = 00:00:15 . Memory (MB): peak = 1955.395 ; gain = 0.000

Phase 4.4 Final Placement Cleanup
Phase 4.4 Final Placement Cleanup | Checksum: 17f7c3dcf

Time (s): cpu = 00:00:20 ; elapsed = 00:00:15 . Memory (MB): peak = 1955.395 ; gain = 0.000
Phase 4 Post Placement Optimization and Clean-Up | Checksum: 17f7c3dcf

Time (s): cpu = 00:00:20 ; elapsed = 00:00:15 . Memory (MB): peak = 1955.395 ; gain = 0.000
Ending Placer Task | Checksum: b7f3ba01

Time (s): cpu = 00:00:20 ; elapsed = 00:00:15 . Memory (MB): peak = 1955.395 ; gain = 0.000
INFO: [Common 17-83] Releasing license: Implementation
59 Infos, 0 Warnings, 0 Critical Warnings and 0 Errors encountered.
place_design completed successfully
place_design: Time (s): cpu = 00:00:22 ; elapsed = 00:00:16 . Memory (MB): peak = 1955.395 ; gain = 0.000
INFO: [Timing 38-480] Writing timing data to binary archive.
Writing placer database...
Writing XDEF routing.
Writing XDEF routing logical nets.
Writing XDEF routing special nets.
Write XDEF Complete: Time (s): cpu = 00:00:01 ; elapsed = 00:00:00.296 . Memory (MB): peak = 1955.395 ; gain = 0.000
INFO: [Common 17-1381] The checkpoint 'C:/Users/86183/Desktop/Microblaze_xzjddy/Microblaze_xz_1.3/Microblaze_xz.runs/impl_1/top_xz_wrapper_placed.dcp' has been generated.
INFO: [runtcl-4] Executing : report_io -file top_xz_wrapper_io_placed.rpt
report_io: Time (s): cpu = 00:00:00 ; elapsed = 00:00:00.167 . Memory (MB): peak = 1955.395 ; gain = 0.000
INFO: [runtcl-4] Executing : report_utilization -file top_xz_wrapper_utilization_placed.rpt -pb top_xz_wrapper_utilization_placed.pb
report_utilization: Time (s): cpu = 00:00:00 ; elapsed = 00:00:00.534 . Memory (MB): peak = 1955.395 ; gain = 0.000
INFO: [runtcl-4] Executing : report_control_sets -verbose -file top_xz_wrapper_control_sets_placed.rpt
report_control_sets: Time (s): cpu = 00:00:00 ; elapsed = 00:00:00.021 . Memory (MB): peak = 1955.395 ; gain = 0.000
Command: route_design
Attempting to get a license for feature 'Implementation' and/or device 'xc7vx690t'
INFO: [Common 17-349] Got license for feature 'Implementation' and/or device 'xc7vx690t'
Running DRC as a precondition to command route_design
INFO: [DRC 23-27] Running DRC with 2 threads
INFO: [Vivado_Tcl 4-198] DRC finished with 0 Errors
INFO: [Vivado_Tcl 4-199] Please refer to the DRC report (report_drc) for more information.


Starting Routing Task
INFO: [Route 35-254] Multithreading enabled for route_design using a maximum of 2 CPUs
Checksum: PlaceDB: 998e4b8b ConstDB: 0 ShapeSum: 1e656e76 RouteDB: 0

Phase 1 Build RT Design
Phase 1 Build RT Design | Checksum: 1be0dab81

Time (s): cpu = 00:01:10 ; elapsed = 00:00:52 . Memory (MB): peak = 2335.504 ; gain = 380.109
Post Restoration Checksum: NetGraph: c210d86e NumContArr: fbfcd313 Constraints: 0 Timing: 0

Phase 2 Router Initialization

Phase 2.1 Create Timer
Phase 2.1 Create Timer | Checksum: 1be0dab81

Time (s): cpu = 00:01:11 ; elapsed = 00:00:52 . Memory (MB): peak = 2335.504 ; gain = 380.109

Phase 2.2 Fix Topology Constraints
Phase 2.2 Fix Topology Constraints | Checksum: 1be0dab81

Time (s): cpu = 00:01:11 ; elapsed = 00:00:52 . Memory (MB): peak = 2335.633 ; gain = 380.238

Phase 2.3 Pre Route Cleanup
Phase 2.3 Pre Route Cleanup | Checksum: 1be0dab81

Time (s): cpu = 00:01:11 ; elapsed = 00:00:52 . Memory (MB): peak = 2335.633 ; gain = 380.238
 Number of Nodes with overlaps = 0

Phase 2.4 Update Timing
Phase 2.4 Update Timing | Checksum: ec189937

Time (s): cpu = 00:01:13 ; elapsed = 00:00:54 . Memory (MB): peak = 2377.008 ; gain = 421.613
INFO: [Route 35-416] Intermediate Timing Summary | WNS=5.871  | TNS=0.000  | WHS=-0.223 | THS=-175.747|

Phase 2 Router Initialization | Checksum: 17a105670

Time (s): cpu = 00:01:14 ; elapsed = 00:00:55 . Memory (MB): peak = 2377.008 ; gain = 421.613

Phase 3 Initial Routing
Phase 3 Initial Routing | Checksum: 1562abe9c

Time (s): cpu = 00:01:15 ; elapsed = 00:00:55 . Memory (MB): peak = 2377.008 ; gain = 421.613

Phase 4 Rip-up And Reroute

Phase 4.1 Global Iteration 0
 Number of Nodes with overlaps = 333
 Number of Nodes with overlaps = 1
 Number of Nodes with overlaps = 0
INFO: [Route 35-416] Intermediate Timing Summary | WNS=4.087  | TNS=0.000  | WHS=N/A    | THS=N/A    |

Phase 4.1 Global Iteration 0 | Checksum: 26507afdb

Time (s): cpu = 00:01:16 ; elapsed = 00:00:56 . Memory (MB): peak = 2377.008 ; gain = 421.613
Phase 4 Rip-up And Reroute | Checksum: 26507afdb

Time (s): cpu = 00:01:17 ; elapsed = 00:00:56 . Memory (MB): peak = 2377.008 ; gain = 421.613

Phase 5 Delay and Skew Optimization

Phase 5.1 Delay CleanUp
Phase 5.1 Delay CleanUp | Checksum: 26507afdb

Time (s): cpu = 00:01:17 ; elapsed = 00:00:56 . Memory (MB): peak = 2377.008 ; gain = 421.613

Phase 5.2 Clock Skew Optimization
Phase 5.2 Clock Skew Optimization | Checksum: 26507afdb

Time (s): cpu = 00:01:17 ; elapsed = 00:00:56 . Memory (MB): peak = 2377.008 ; gain = 421.613
Phase 5 Delay and Skew Optimization | Checksum: 26507afdb

Time (s): cpu = 00:01:17 ; elapsed = 00:00:56 . Memory (MB): peak = 2377.008 ; gain = 421.613

Phase 6 Post Hold Fix

Phase 6.1 Hold Fix Iter

Phase 6.1.1 Update Timing
Phase 6.1.1 Update Timing | Checksum: 2bfe629a4

Time (s): cpu = 00:01:17 ; elapsed = 00:00:56 . Memory (MB): peak = 2377.008 ; gain = 421.613
INFO: [Route 35-416] Intermediate Timing Summary | WNS=4.239  | TNS=0.000  | WHS=0.082  | THS=0.000  |

Phase 6.1 Hold Fix Iter | Checksum: 2bfe629a4

Time (s): cpu = 00:01:17 ; elapsed = 00:00:56 . Memory (MB): peak = 2377.008 ; gain = 421.613
Phase 6 Post Hold Fix | Checksum: 2bfe629a4

Time (s): cpu = 00:01:17 ; elapsed = 00:00:56 . Memory (MB): peak = 2377.008 ; gain = 421.613

Phase 7 Route finalize

Router Utilization Summary
  Global Vertical Routing Utilization    = 0.087597 %
  Global Horizontal Routing Utilization  = 0.112083 %
  Routable Net Status*
  *Does not include unroutable nets such as driverless and loadless.
  Run report_route_status for detailed report.
  Number of Failed Nets               = 0
  Number of Unrouted Nets             = 0
  Number of Partially Routed Nets     = 0
  Number of Node Overlaps             = 0

Phase 7 Route finalize | Checksum: 1cf517112

Time (s): cpu = 00:01:17 ; elapsed = 00:00:57 . Memory (MB): peak = 2377.008 ; gain = 421.613

Phase 8 Verifying routed nets

 Verification completed successfully
Phase 8 Verifying routed nets | Checksum: 1cf517112

Time (s): cpu = 00:01:17 ; elapsed = 00:00:57 . Memory (MB): peak = 2377.008 ; gain = 421.613

Phase 9 Depositing Routes
Phase 9 Depositing Routes | Checksum: eace6789

Time (s): cpu = 00:01:17 ; elapsed = 00:00:57 . Memory (MB): peak = 2377.008 ; gain = 421.613

Phase 10 Post Router Timing
INFO: [Route 35-57] Estimated Timing Summary | WNS=4.239  | TNS=0.000  | WHS=0.082  | THS=0.000  |

INFO: [Route 35-327] The final timing numbers are based on the router estimated timing analysis. For a complete and accurate timing signoff, please run report_timing_summary.
Phase 10 Post Router Timing | Checksum: eace6789

Time (s): cpu = 00:01:18 ; elapsed = 00:00:57 . Memory (MB): peak = 2377.008 ; gain = 421.613
INFO: [Route 35-16] Router Completed Successfully

Time (s): cpu = 00:01:18 ; elapsed = 00:00:57 . Memory (MB): peak = 2377.008 ; gain = 421.613

Routing Is Done.
INFO: [Common 17-83] Releasing license: Implementation
76 Infos, 0 Warnings, 0 Critical Warnings and 0 Errors encountered.
route_design completed successfully
route_design: Time (s): cpu = 00:01:21 ; elapsed = 00:00:58 . Memory (MB): peak = 2377.008 ; gain = 421.613
INFO: [Timing 38-480] Writing timing data to binary archive.
Writing placer database...
Writing XDEF routing.
Writing XDEF routing logical nets.
Writing XDEF routing special nets.
Write XDEF Complete: Time (s): cpu = 00:00:01 ; elapsed = 00:00:00.354 . Memory (MB): peak = 2377.008 ; gain = 0.000
INFO: [Common 17-1381] The checkpoint 'C:/Users/86183/Desktop/Microblaze_xzjddy/Microblaze_xz_1.3/Microblaze_xz.runs/impl_1/top_xz_wrapper_routed.dcp' has been generated.
INFO: [runtcl-4] Executing : report_drc -file top_xz_wrapper_drc_routed.rpt -pb top_xz_wrapper_drc_routed.pb -rpx top_xz_wrapper_drc_routed.rpx
Command: report_drc -file top_xz_wrapper_drc_routed.rpt -pb top_xz_wrapper_drc_routed.pb -rpx top_xz_wrapper_drc_routed.rpx
INFO: [DRC 23-27] Running DRC with 2 threads
INFO: [Coretcl 2-168] The results of DRC are in file C:/Users/86183/Desktop/Microblaze_xzjddy/Microblaze_xz_1.3/Microblaze_xz.runs/impl_1/top_xz_wrapper_drc_routed.rpt.
report_drc completed successfully
INFO: [runtcl-4] Executing : report_methodology -file top_xz_wrapper_methodology_drc_routed.rpt -pb top_xz_wrapper_methodology_drc_routed.pb -rpx top_xz_wrapper_methodology_drc_routed.rpx
Command: report_methodology -file top_xz_wrapper_methodology_drc_routed.rpt -pb top_xz_wrapper_methodology_drc_routed.pb -rpx top_xz_wrapper_methodology_drc_routed.rpx
INFO: [Timing 38-35] Done setting XDC timing constraints.
INFO: [Timing 38-35] Done setting XDC timing constraints.
INFO: [DRC 23-133] Running Methodology with 2 threads
INFO: [Coretcl 2-1520] The results of Report Methodology are in file C:/Users/86183/Desktop/Microblaze_xzjddy/Microblaze_xz_1.3/Microblaze_xz.runs/impl_1/top_xz_wrapper_methodology_drc_routed.rpt.
report_methodology completed successfully
INFO: [runtcl-4] Executing : report_power -file top_xz_wrapper_power_routed.rpt -pb top_xz_wrapper_power_summary_routed.pb -rpx top_xz_wrapper_power_routed.rpx
Command: report_power -file top_xz_wrapper_power_routed.rpt -pb top_xz_wrapper_power_summary_routed.pb -rpx top_xz_wrapper_power_routed.rpx
INFO: [Timing 38-35] Done setting XDC timing constraints.
Running Vector-less Activity Propagation...

Finished Running Vector-less Activity Propagation
WARNING: [Power 33-332] Found switching activity that implies high-fanout reset nets being asserted for excessive periods of time which may result in inaccurate power analysis.
Resolution: To review and fix problems, please run Power Constraints Advisor in the GUI from Tools > Power Constraints Advisor or run report_power with the -advisory option to generate a text report.
88 Infos, 1 Warnings, 0 Critical Warnings and 0 Errors encountered.
report_power completed successfully
report_power: Time (s): cpu = 00:00:09 ; elapsed = 00:00:08 . Memory (MB): peak = 2377.008 ; gain = 0.000
INFO: [runtcl-4] Executing : report_route_status -file top_xz_wrapper_route_status.rpt -pb top_xz_wrapper_route_status.pb
INFO: [runtcl-4] Executing : report_timing_summary -max_paths 10 -file top_xz_wrapper_timing_summary_routed.rpt -pb top_xz_wrapper_timing_summary_routed.pb -rpx top_xz_wrapper_timing_summary_routed.rpx -warn_on_violation 
INFO: [Timing 38-91] UpdateTimingParams: Speed grade: -3, Delay Type: min_max, Timing Stage: Requireds.
INFO: [Timing 38-191] Multithreading enabled for timing update using a maximum of 2 CPUs
INFO: [runtcl-4] Executing : report_incremental_reuse -file top_xz_wrapper_incremental_reuse_routed.rpt
INFO: [Vivado_Tcl 4-545] No incremental reuse to report, no incremental placement and routing data was found.
INFO: [runtcl-4] Executing : report_clock_utilization -file top_xz_wrapper_clock_utilization_routed.rpt
report_clock_utilization: Time (s): cpu = 00:00:21 ; elapsed = 00:00:20 . Memory (MB): peak = 2377.008 ; gain = 0.000
INFO: [runtcl-4] Executing : report_bus_skew -warn_on_violation -file top_xz_wrapper_bus_skew_routed.rpt -pb top_xz_wrapper_bus_skew_routed.pb -rpx top_xz_wrapper_bus_skew_routed.rpx
INFO: [Timing 38-91] UpdateTimingParams: Speed grade: -3, Delay Type: min_max, Timing Stage: Requireds.
INFO: [Timing 38-191] Multithreading enabled for timing update using a maximum of 2 CPUs
Command: write_bitstream -force top_xz_wrapper.bit
Attempting to get a license for feature 'Implementation' and/or device 'xc7vx690t'
INFO: [Common 17-349] Got license for feature 'Implementation' and/or device 'xc7vx690t'
Running DRC as a precondition to command write_bitstream
INFO: [DRC 23-27] Running DRC with 2 threads
WARNING: [DRC CFGBVS-1] Missing CFGBVS and CONFIG_VOLTAGE Design Properties: Neither the CFGBVS nor CONFIG_VOLTAGE voltage property is set in the current_design.  Configuration bank voltage select (CFGBVS) must be set to VCCO or GND, and CONFIG_VOLTAGE must be set to the correct configuration voltage, in order to determine the I/O voltage support for the pins in bank 0.  It is suggested to specify these either using the 'Edit Device Properties' function in the GUI or directly in the XDC file using the following syntax:

 set_property CFGBVS value1 [current_design]
 #where value1 is either VCCO or GND

 set_property CONFIG_VOLTAGE value2 [current_design]
 #where value2 is the voltage provided to configuration bank 0

Refer to the device configuration user guide for more information.
INFO: [Vivado 12-3199] DRC finished with 0 Errors, 1 Warnings
INFO: [Vivado 12-3200] Please refer to the DRC report (report_drc) for more information.
INFO: [Designutils 20-2272] Running write_bitstream with 2 threads.
Loading data files...
Loading site data...
Loading route data...
Processing options...
Creating bitmap...
Creating bitstream...
Writing bitstream ./top_xz_wrapper.bit...
INFO: [Vivado 12-1842] Bitgen Completed Successfully.
INFO: [Project 1-118] WebTalk data collection is enabled (User setting is ON. Install Setting is ON.).
INFO: [Common 17-83] Releasing license: Implementation
106 Infos, 2 Warnings, 0 Critical Warnings and 0 Errors encountered.
write_bitstream completed successfully
write_bitstream: Time (s): cpu = 00:00:41 ; elapsed = 00:00:38 . Memory (MB): peak = 3062.188 ; gain = 685.180
INFO: [Common 17-206] Exiting Vivado at Mon Aug 28 16:07:38 2023...
